428193537
428193537
428193537
428193537
428193537
428193537
428193537
428193537
428193537
428193537
428193537
428193537
428193537
428193537
428193537
428193537
428193537
428193537
428193537
428193537
428193537
428193537
428193537
428193537
428193537
428193537
428193537
428193537
428193537
428193537
428193537
428193537
428193537
428193537
428193537
428193537
428193537
428193537
428193537
428193537
428193537
428193537
428193537
428193537
428193537
428193537
428193537
428193537
428193537
428193537
428193537
428193537
428193537
428193537
428193537
428193537
428193537
428193537
428193537
428193537
428193537
428193537
428193537
428193537
428193537
428193537
428193537
428193537
428193537
428193537
428193537
428193537
428193537
428193537
428193537
428193537
428193537
428193537
428193537
428193537
