[1110/205305:ERROR:renderer_main.cc(203)] Running without renderer sandbox
[1110/205305:ERROR:child_discardable_shared_memory_manager.cc(266)] size: 4194304
[1110/205305:ERROR:child_discardable_shared_memory_manager.cc(266)] size: 4194304
[1110/205306:INFO:CONSOLE(1)] "
          _____                    _____                    _____                    _____          
         /\    \                  /\    \                  /\    \                  /\    \         
        /::\____\                /::\    \                /::\    \                /::\    \        
       /:::/    /                \:::\    \              /::::\    \              /::::\    \       
      /:::/    /                  \:::\    \            /::::::\    \            /::::::\    \      
     /:::/    /                    \:::\    \          /:::/\:::\    \          /:::/\:::\    \     
    /:::/____/                      \:::\    \        /:::/__\:::\    \        /:::/__\:::\    \    
   /::::\    \                      /::::\    \      /::::\   \:::\    \      /::::\   \:::\    \   
  /::::::\    \   _____    ____    /::::::\    \    /::::::\   \:::\    \    /::::::\   \:::\    \  
 /:::/\:::\    \ /\    \  /\   \  /:::/\:::\    \  /:::/\:::\   \:::\____\  /:::/\:::\   \:::\    \ 
/:::/  \:::\    /::\____\/::\   \/:::/  \:::\____\/:::/  \:::\   \:::|    |/:::/__\:::\   \:::\____\
\::/    \:::\  /:::/    /\:::\  /:::/    \::/    /\::/   |::::\  /:::|____|\:::\   \:::\   \::/    /
 \/____/ \:::\/:::/    /  \:::\/:::/    / \/____/  \/____|:::::\/:::/    /  \:::\   \:::\   \/____/ 
          \::::::/    /    \::::::/    /                 |:::::::::/    /    \:::\   \:::\    \     
           \::::/    /      \::::/____/                  |::|\::::/    /      \:::\   \:::\____\    
           /:::/    /        \:::\    \                  |::| \::/____/        \:::\   \::/    /    
          /:::/    /          \:::\    \                 |::|  ~|               \:::\   \/____/     
         /:::/    /            \:::\    \                |::|   |                \:::\    \         
        /:::/    /              \:::\____\               \::|   |                 \:::\____\        
        \::/    /                \::/    /                \:|   |                  \::/    /        
         \/____/                  \/____/                  \|___|                   \/____/         

知乎(zhihu.com)，招聘前端开发工程师 http://zhi.hu/BDXoD
    ", source: https://unpkg.zhimg.com/@cfe/sentry-script@0.0.10/dist/init.js (1)
